info it worked if it ends with ok
verbose cli [ '/usr/bin/nodejs',
verbose cli   '/usr/bin/npm',
verbose cli   'install',
verbose cli   'body-parser',
verbose cli   '--save' ]
info using npm@1.1.4
info using node@v0.6.19
verbose config file /root/.npmrc
verbose config file /usr/etc/npmrc
verbose config file /usr/share/npm/npmrc
verbose caching /home/pi/mylaundry/mylaundry/package.json
verbose loadDefaults mylaundry@1.0.0
verbose caching /home/pi/mylaundry/mylaundry/node_modules/moment/package.json
verbose loadDefaults moment@2.22.2
verbose caching /home/pi/mylaundry/mylaundry/node_modules/methods/package.json
verbose loadDefaults methods@1.1.2
verbose caching /home/pi/mylaundry/mylaundry/node_modules/cookie-signature/package.json
verbose loadDefaults cookie-signature@1.0.6
verbose caching /home/pi/mylaundry/mylaundry/node_modules/stream-shift/package.json
verbose loadDefaults stream-shift@1.0.0
verbose caching /home/pi/mylaundry/mylaundry/node_modules/debug/package.json
verbose loadDefaults debug@2.6.9
verbose caching /home/pi/mylaundry/mylaundry/node_modules/is-promise/package.json
verbose loadDefaults is-promise@2.1.0
verbose caching /home/pi/mylaundry/mylaundry/node_modules/path/package.json
verbose loadDefaults path@0.12.7
verbose caching /home/pi/mylaundry/mylaundry/node_modules/sshpk/package.json
verbose loadDefaults sshpk@1.14.2
verbose caching /home/pi/mylaundry/mylaundry/node_modules/right-align/package.json
verbose loadDefaults right-align@0.1.3
verbose caching /home/pi/mylaundry/mylaundry/node_modules/to-absolute-glob/package.json
verbose loadDefaults to-absolute-glob@2.0.2
verbose caching /home/pi/mylaundry/mylaundry/node_modules/concat-map/package.json
verbose loadDefaults concat-map@0.0.1
verbose caching /home/pi/mylaundry/mylaundry/node_modules/sqlstring/package.json
verbose loadDefaults sqlstring@2.3.1
verbose caching /home/pi/mylaundry/mylaundry/node_modules/bignumber.js/package.json
verbose loadDefaults bignumber.js@4.1.0
verbose caching /home/pi/mylaundry/mylaundry/node_modules/unpipe/package.json
verbose loadDefaults unpipe@1.0.0
verbose caching /home/pi/mylaundry/mylaundry/node_modules/oauth-sign/package.json
verbose loadDefaults oauth-sign@0.9.0
verbose caching /home/pi/mylaundry/mylaundry/node_modules/forever-agent/package.json
verbose loadDefaults forever-agent@0.6.1
verbose caching /home/pi/mylaundry/mylaundry/node_modules/accepts/package.json
verbose loadDefaults accepts@1.3.5
verbose caching /home/pi/mylaundry/mylaundry/node_modules/shellwords/package.json
verbose loadDefaults shellwords@0.1.1
verbose caching /home/pi/mylaundry/mylaundry/node_modules/bcrypt-pbkdf/package.json
verbose loadDefaults bcrypt-pbkdf@1.0.2
verbose caching /home/pi/mylaundry/mylaundry/node_modules/once/package.json
verbose loadDefaults once@1.4.0
verbose caching /home/pi/mylaundry/mylaundry/node_modules/util-deprecate/package.json
verbose loadDefaults util-deprecate@1.0.2
verbose caching /home/pi/mylaundry/mylaundry/node_modules/pug/package.json
verbose loadDefaults pug@2.0.3
verbose caching /home/pi/mylaundry/mylaundry/node_modules/json-schema/package.json
verbose loadDefaults json-schema@0.2.3
verbose caching /home/pi/mylaundry/mylaundry/node_modules/clean-css/package.json
verbose loadDefaults clean-css@4.1.11
verbose caching /home/pi/mylaundry/mylaundry/node_modules/fresh/package.json
verbose loadDefaults fresh@0.5.2
verbose caching /home/pi/mylaundry/mylaundry/node_modules/json-stable-stringify/package.json
verbose loadDefaults json-stable-stringify@1.0.1
verbose caching /home/pi/mylaundry/mylaundry/node_modules/psl/package.json
verbose loadDefaults psl@1.1.29
verbose caching /home/pi/mylaundry/mylaundry/node_modules/resolve/package.json
verbose loadDefaults resolve@1.7.1
verbose caching /home/pi/mylaundry/mylaundry/node_modules/jsprim/package.json
verbose loadDefaults jsprim@1.4.1
verbose caching /home/pi/mylaundry/mylaundry/node_modules/process-nextick-args/package.json
verbose loadDefaults process-nextick-args@2.0.0
verbose caching /home/pi/mylaundry/mylaundry/node_modules/path-to-regexp/package.json
verbose loadDefaults path-to-regexp@0.1.7
verbose caching /home/pi/mylaundry/mylaundry/node_modules/uglify-js/package.json
verbose loadDefaults uglify-js@2.8.29
verbose caching /home/pi/mylaundry/mylaundry/node_modules/ms/package.json
verbose loadDefaults ms@2.0.0
verbose caching /home/pi/mylaundry/mylaundry/node_modules/balanced-match/package.json
verbose loadDefaults balanced-match@1.0.0
verbose caching /home/pi/mylaundry/mylaundry/node_modules/acorn-globals/package.json
verbose loadDefaults acorn-globals@3.1.0
verbose caching /home/pi/mylaundry/mylaundry/node_modules/path-dirname/package.json
verbose loadDefaults path-dirname@1.0.2
verbose caching /home/pi/mylaundry/mylaundry/node_modules/lodash.get/package.json
verbose loadDefaults lodash.get@4.4.2
verbose caching /home/pi/mylaundry/mylaundry/node_modules/mime-db/package.json
verbose loadDefaults mime-db@1.33.0
verbose caching /home/pi/mylaundry/mylaundry/node_modules/nan/package.json
verbose loadDefaults nan@2.10.0
verbose caching /home/pi/mylaundry/mylaundry/node_modules/is-regex/package.json
verbose loadDefaults is-regex@1.0.4
verbose caching /home/pi/mylaundry/mylaundry/node_modules/iconv-lite/package.json
verbose loadDefaults iconv-lite@0.4.23
verbose caching /home/pi/mylaundry/mylaundry/node_modules/long-timeout/package.json
verbose loadDefaults long-timeout@0.1.1
verbose caching /home/pi/mylaundry/mylaundry/node_modules/merge-descriptors/package.json
verbose loadDefaults merge-descriptors@1.0.1
verbose caching /home/pi/mylaundry/mylaundry/node_modules/to-fast-properties/package.json
verbose loadDefaults to-fast-properties@1.0.3
verbose caching /home/pi/mylaundry/mylaundry/node_modules/json2csv/package.json
verbose loadDefaults json2csv@4.2.0
verbose caching /home/pi/mylaundry/mylaundry/node_modules/statuses/package.json
verbose loadDefaults statuses@1.4.0
verbose caching /home/pi/mylaundry/mylaundry/node_modules/pug-strip-comments/package.json
verbose loadDefaults pug-strip-comments@1.0.3
verbose caching /home/pi/mylaundry/mylaundry/node_modules/bl/package.json
verbose loadDefaults bl@1.2.2
verbose caching /home/pi/mylaundry/mylaundry/node_modules/ee-first/package.json
verbose loadDefaults ee-first@1.1.1
verbose caching /home/pi/mylaundry/mylaundry/node_modules/ecc-jsbn/package.json
verbose loadDefaults ecc-jsbn@0.1.2
verbose caching /home/pi/mylaundry/mylaundry/node_modules/depd/package.json
verbose loadDefaults depd@1.1.2
verbose caching /home/pi/mylaundry/mylaundry/node_modules/extend/package.json
verbose loadDefaults extend@3.0.1
verbose caching /home/pi/mylaundry/mylaundry/node_modules/is-nan/package.json
verbose loadDefaults is-nan@1.2.1
verbose caching /home/pi/mylaundry/mylaundry/node_modules/is-relative/package.json
verbose loadDefaults is-relative@1.0.0
verbose caching /home/pi/mylaundry/mylaundry/node_modules/body-parser/package.json
verbose loadDefaults body-parser@1.18.3
verbose caching /home/pi/mylaundry/mylaundry/node_modules/raw-body/package.json
verbose loadDefaults raw-body@2.3.3
verbose caching /home/pi/mylaundry/mylaundry/node_modules/is-absolute/package.json
verbose loadDefaults is-absolute@1.0.0
verbose caching /home/pi/mylaundry/mylaundry/node_modules/remove-trailing-separator/package.json
verbose loadDefaults remove-trailing-separator@1.1.0
verbose caching /home/pi/mylaundry/mylaundry/node_modules/ipaddr.js/package.json
verbose loadDefaults ipaddr.js@1.6.0
verbose caching /home/pi/mylaundry/mylaundry/node_modules/wrappy/package.json
verbose loadDefaults wrappy@1.0.2
verbose caching /home/pi/mylaundry/mylaundry/node_modules/end-of-stream/package.json
verbose loadDefaults end-of-stream@1.4.1
verbose caching /home/pi/mylaundry/mylaundry/node_modules/jsonify/package.json
verbose loadDefaults jsonify@0.0.0
verbose caching /home/pi/mylaundry/mylaundry/node_modules/moment-timezone/package.json
verbose loadDefaults moment-timezone@0.5.21
verbose caching /home/pi/mylaundry/mylaundry/node_modules/inherits/package.json
verbose loadDefaults inherits@2.0.3
verbose caching /home/pi/mylaundry/mylaundry/node_modules/ws/package.json
verbose loadDefaults ws@3.3.3
verbose caching /home/pi/mylaundry/mylaundry/node_modules/babel-types/package.json
verbose loadDefaults babel-types@6.26.0
verbose caching /home/pi/mylaundry/mylaundry/node_modules/qs/package.json
verbose loadDefaults qs@6.5.1
verbose caching /home/pi/mylaundry/mylaundry/node_modules/yargs/package.json
verbose loadDefaults yargs@3.10.0
verbose caching /home/pi/mylaundry/mylaundry/node_modules/epoll/package.json
verbose loadDefaults epoll@2.0.1
verbose caching /home/pi/mylaundry/mylaundry/node_modules/is-unc-path/package.json
verbose loadDefaults is-unc-path@1.0.0
verbose caching /home/pi/mylaundry/mylaundry/node_modules/jsonparse/package.json
verbose loadDefaults jsonparse@1.3.1
verbose caching /home/pi/mylaundry/mylaundry/node_modules/is-buffer/package.json
verbose loadDefaults is-buffer@1.1.6
verbose caching /home/pi/mylaundry/mylaundry/node_modules/inflight/package.json
verbose loadDefaults inflight@1.0.6
verbose caching /home/pi/mylaundry/mylaundry/node_modules/pug-runtime/package.json
verbose loadDefaults pug-runtime@2.0.4
verbose caching /home/pi/mylaundry/mylaundry/node_modules/js-stringify/package.json
verbose loadDefaults js-stringify@1.0.2
verbose caching /home/pi/mylaundry/mylaundry/node_modules/glob/package.json
verbose loadDefaults glob@7.1.2
verbose caching /home/pi/mylaundry/mylaundry/node_modules/crc/package.json
verbose loadDefaults crc@3.4.4
verbose caching /home/pi/mylaundry/mylaundry/node_modules/concat-stream/package.json
verbose loadDefaults concat-stream@1.6.2
verbose caching /home/pi/mylaundry/mylaundry/node_modules/repeat-string/package.json
verbose loadDefaults repeat-string@1.6.1
verbose caching /home/pi/mylaundry/mylaundry/node_modules/rpi-gpio/package.json
verbose loadDefaults rpi-gpio@1.0.0
verbose caching /home/pi/mylaundry/mylaundry/node_modules/character-parser/package.json
verbose loadDefaults character-parser@2.2.0
verbose caching /home/pi/mylaundry/mylaundry/node_modules/mysql/package.json
verbose loadDefaults mysql@2.16.0
verbose caching /home/pi/mylaundry/mylaundry/node_modules/path-parse/package.json
verbose loadDefaults path-parse@1.0.5
verbose caching /home/pi/mylaundry/mylaundry/node_modules/is-windows/package.json
verbose loadDefaults is-windows@1.0.2
verbose caching /home/pi/mylaundry/mylaundry/node_modules/cron-parser/package.json
verbose loadDefaults cron-parser@2.6.0
verbose caching /home/pi/mylaundry/mylaundry/node_modules/Base64/package.json
verbose loadDefaults Base64@1.0.1
verbose caching /home/pi/mylaundry/mylaundry/node_modules/forwarded/package.json
verbose loadDefaults forwarded@0.1.2
verbose caching /home/pi/mylaundry/mylaundry/node_modules/path-is-absolute/package.json
verbose loadDefaults path-is-absolute@1.0.1
verbose caching /home/pi/mylaundry/mylaundry/node_modules/safer-buffer/package.json
verbose loadDefaults safer-buffer@2.1.2
verbose caching /home/pi/mylaundry/mylaundry/node_modules/window-size/package.json
verbose loadDefaults window-size@0.1.0
verbose caching /home/pi/mylaundry/mylaundry/node_modules/pug-linker/package.json
verbose loadDefaults pug-linker@3.0.5
verbose caching /home/pi/mylaundry/mylaundry/node_modules/string_decoder/package.json
verbose loadDefaults string_decoder@1.1.1
verbose caching /home/pi/mylaundry/mylaundry/node_modules/token-stream/package.json
verbose loadDefaults token-stream@0.0.1
verbose caching /home/pi/mylaundry/mylaundry/node_modules/mqtt-packet/package.json
verbose loadDefaults mqtt-packet@5.5.0
verbose caching /home/pi/mylaundry/mylaundry/node_modules/yallist/package.json
verbose loadDefaults yallist@2.1.2
verbose caching /home/pi/mylaundry/mylaundry/node_modules/asynckit/package.json
verbose loadDefaults asynckit@0.4.0
verbose caching /home/pi/mylaundry/mylaundry/node_modules/is-glob/package.json
verbose loadDefaults is-glob@3.1.0
verbose caching /home/pi/mylaundry/mylaundry/node_modules/cliui/package.json
verbose loadDefaults cliui@2.1.0
verbose caching /home/pi/mylaundry/mylaundry/node_modules/doctypes/package.json
verbose loadDefaults doctypes@1.1.0
verbose caching /home/pi/mylaundry/mylaundry/node_modules/ultron/package.json
verbose loadDefaults ultron@1.1.1
verbose caching /home/pi/mylaundry/mylaundry/node_modules/function-bind/package.json
verbose loadDefaults function-bind@1.1.1
verbose caching /home/pi/mylaundry/mylaundry/node_modules/nodemailer/package.json
verbose loadDefaults nodemailer@4.6.7
verbose caching /home/pi/mylaundry/mylaundry/node_modules/pug-filters/package.json
verbose loadDefaults pug-filters@3.1.0
verbose caching /home/pi/mylaundry/mylaundry/node_modules/performance-now/package.json
verbose loadDefaults performance-now@2.1.0
verbose caching /home/pi/mylaundry/mylaundry/node_modules/har-validator/package.json
verbose loadDefaults har-validator@5.1.0
verbose caching /home/pi/mylaundry/mylaundry/node_modules/async-limiter/package.json
verbose loadDefaults async-limiter@1.0.0
verbose caching /home/pi/mylaundry/mylaundry/node_modules/websocket-stream/package.json
verbose loadDefaults websocket-stream@5.1.2
verbose caching /home/pi/mylaundry/mylaundry/node_modules/has/package.json
verbose loadDefaults has@1.0.1
verbose caching /home/pi/mylaundry/mylaundry/node_modules/is-negated-glob/package.json
verbose loadDefaults is-negated-glob@1.0.0
verbose caching /home/pi/mylaundry/mylaundry/node_modules/uid-safe/package.json
verbose loadDefaults uid-safe@2.1.5
verbose caching /home/pi/mylaundry/mylaundry/node_modules/serve-static/package.json
verbose loadDefaults serve-static@1.13.2
verbose caching /home/pi/mylaundry/mylaundry/node_modules/content-type/package.json
verbose loadDefaults content-type@1.0.4
verbose caching /home/pi/mylaundry/mylaundry/node_modules/object-keys/package.json
verbose loadDefaults object-keys@1.0.12
verbose caching /home/pi/mylaundry/mylaundry/node_modules/curl-to-fetch/package.json
verbose loadDefaults curl-to-fetch@1.2.1
verbose caching /home/pi/mylaundry/mylaundry/node_modules/verror/package.json
verbose loadDefaults verror@1.10.0
verbose caching /home/pi/mylaundry/mylaundry/node_modules/void-elements/package.json
verbose loadDefaults void-elements@2.0.1
verbose caching /home/pi/mylaundry/mylaundry/node_modules/is-typedarray/package.json
verbose loadDefaults is-typedarray@1.0.0
verbose caching /home/pi/mylaundry/mylaundry/node_modules/json-schema-traverse/package.json
verbose loadDefaults json-schema-traverse@0.3.1
verbose caching /home/pi/mylaundry/mylaundry/node_modules/bytes/package.json
verbose loadDefaults bytes@3.0.0
verbose caching /home/pi/mylaundry/mylaundry/node_modules/unc-path-regex/package.json
verbose loadDefaults unc-path-regex@0.1.2
verbose caching /home/pi/mylaundry/mylaundry/node_modules/split2/package.json
verbose loadDefaults split2@2.2.0
verbose caching /home/pi/mylaundry/mylaundry/node_modules/lodash.clonedeep/package.json
verbose loadDefaults lodash.clonedeep@4.5.0
verbose caching /home/pi/mylaundry/mylaundry/node_modules/pug-error/package.json
verbose loadDefaults pug-error@1.3.2
verbose caching /home/pi/mylaundry/mylaundry/node_modules/fast-deep-equal/package.json
verbose loadDefaults fast-deep-equal@1.1.0
verbose caching /home/pi/mylaundry/mylaundry/node_modules/asap/package.json
verbose loadDefaults asap@2.0.6
verbose caching /home/pi/mylaundry/mylaundry/node_modules/proxy-addr/package.json
verbose loadDefaults proxy-addr@2.0.3
verbose caching /home/pi/mylaundry/mylaundry/node_modules/define-properties/package.json
verbose loadDefaults define-properties@1.1.3
verbose caching /home/pi/mylaundry/mylaundry/node_modules/duplexify/package.json
verbose loadDefaults duplexify@3.5.4
verbose caching /home/pi/mylaundry/mylaundry/node_modules/lazy-cache/package.json
verbose loadDefaults lazy-cache@1.0.4
verbose caching /home/pi/mylaundry/mylaundry/node_modules/minimatch/package.json
verbose loadDefaults minimatch@3.0.4
verbose caching /home/pi/mylaundry/mylaundry/node_modules/http-signature/package.json
verbose loadDefaults http-signature@1.2.0
verbose caching /home/pi/mylaundry/mylaundry/node_modules/co/package.json
verbose loadDefaults co@4.6.0
verbose caching /home/pi/mylaundry/mylaundry/node_modules/align-text/package.json
verbose loadDefaults align-text@0.1.4
verbose caching /home/pi/mylaundry/mylaundry/node_modules/through2-filter/package.json
verbose loadDefaults through2-filter@2.0.0
verbose caching /home/pi/mylaundry/mylaundry/node_modules/aws-sign2/package.json
verbose loadDefaults aws-sign2@0.7.0
verbose caching /home/pi/mylaundry/mylaundry/node_modules/pug-load/package.json
verbose loadDefaults pug-load@2.0.11
verbose caching /home/pi/mylaundry/mylaundry/node_modules/getpass/package.json
verbose loadDefaults getpass@0.1.7
verbose caching /home/pi/mylaundry/mylaundry/node_modules/with/package.json
verbose loadDefaults with@5.1.1
verbose caching /home/pi/mylaundry/mylaundry/node_modules/object-assign/package.json
verbose loadDefaults object-assign@4.1.1
verbose caching /home/pi/mylaundry/mylaundry/node_modules/leven/package.json
verbose loadDefaults leven@1.0.2
verbose caching /home/pi/mylaundry/mylaundry/node_modules/lru-cache/package.json
verbose loadDefaults lru-cache@4.1.3
verbose caching /home/pi/mylaundry/mylaundry/node_modules/send/package.json
verbose loadDefaults send@0.16.2
verbose caching /home/pi/mylaundry/mylaundry/node_modules/util/package.json
verbose loadDefaults util@0.10.4
verbose caching /home/pi/mylaundry/mylaundry/node_modules/lodash.debounce/package.json
verbose loadDefaults lodash.debounce@4.0.8
verbose caching /home/pi/mylaundry/mylaundry/node_modules/glob-parent/package.json
verbose loadDefaults glob-parent@3.1.0
verbose caching /home/pi/mylaundry/mylaundry/node_modules/through2/package.json
verbose loadDefaults through2@2.0.3
verbose caching /home/pi/mylaundry/mylaundry/node_modules/brace-expansion/package.json
verbose loadDefaults brace-expansion@1.1.11
verbose caching /home/pi/mylaundry/mylaundry/node_modules/array-flatten/package.json
verbose loadDefaults array-flatten@1.1.1
verbose caching /home/pi/mylaundry/mylaundry/node_modules/node-fetch/package.json
verbose loadDefaults node-fetch@2.1.2
verbose caching /home/pi/mylaundry/mylaundry/node_modules/mqtt/package.json
verbose loadDefaults mqtt@2.17.0
verbose caching /home/pi/mylaundry/mylaundry/node_modules/ajv/package.json
verbose loadDefaults ajv@5.5.2
verbose caching /home/pi/mylaundry/mylaundry/node_modules/punycode/package.json
verbose loadDefaults punycode@1.4.1
verbose caching /home/pi/mylaundry/mylaundry/node_modules/base-64/package.json
verbose loadDefaults base-64@0.1.0
verbose caching /home/pi/mylaundry/mylaundry/node_modules/pump/package.json
verbose loadDefaults pump@3.0.0
verbose caching /home/pi/mylaundry/mylaundry/node_modules/finalhandler/package.json
verbose loadDefaults finalhandler@1.1.1
verbose caching /home/pi/mylaundry/mylaundry/node_modules/cookie/package.json
verbose loadDefaults cookie@0.3.1
verbose caching /home/pi/mylaundry/mylaundry/node_modules/delayed-stream/package.json
verbose loadDefaults delayed-stream@1.0.0
verbose caching /home/pi/mylaundry/mylaundry/node_modules/source-map/package.json
verbose loadDefaults source-map@0.5.7
verbose caching /home/pi/mylaundry/mylaundry/node_modules/parseurl/package.json
verbose loadDefaults parseurl@1.3.2
verbose caching /home/pi/mylaundry/mylaundry/node_modules/dashdash/package.json
verbose loadDefaults dashdash@1.14.1
verbose caching /home/pi/mylaundry/mylaundry/node_modules/har-schema/package.json
verbose loadDefaults har-schema@2.0.0
verbose caching /home/pi/mylaundry/mylaundry/node_modules/sorted-array-functions/package.json
verbose loadDefaults sorted-array-functions@1.2.0
verbose caching /home/pi/mylaundry/mylaundry/node_modules/bindings/package.json
verbose loadDefaults bindings@1.3.0
verbose caching /home/pi/mylaundry/mylaundry/node_modules/destroy/package.json
verbose loadDefaults destroy@1.0.4
verbose caching /home/pi/mylaundry/mylaundry/node_modules/on-headers/package.json
verbose loadDefaults on-headers@1.0.1
verbose caching /home/pi/mylaundry/mylaundry/node_modules/commander/package.json
verbose loadDefaults commander@2.17.0
verbose caching /home/pi/mylaundry/mylaundry/node_modules/caseless/package.json
verbose loadDefaults caseless@0.12.0
verbose caching /home/pi/mylaundry/mylaundry/node_modules/pug-lexer/package.json
verbose loadDefaults pug-lexer@4.0.0
verbose caching /home/pi/mylaundry/mylaundry/node_modules/parse-curl/package.json
verbose loadDefaults parse-curl@0.2.6
verbose caching /home/pi/mylaundry/mylaundry/node_modules/request/package.json
verbose loadDefaults request@2.88.0
verbose caching /home/pi/mylaundry/mylaundry/node_modules/node-schedule/package.json
verbose loadDefaults node-schedule@1.3.0
verbose caching /home/pi/mylaundry/mylaundry/node_modules/unique-stream/package.json
verbose loadDefaults unique-stream@2.2.1
verbose caching /home/pi/mylaundry/mylaundry/node_modules/lodash.set/package.json
verbose loadDefaults lodash.set@4.3.2
verbose caching /home/pi/mylaundry/mylaundry/node_modules/uglify-to-browserify/package.json
verbose loadDefaults uglify-to-browserify@1.0.2
verbose caching /home/pi/mylaundry/mylaundry/node_modules/typedarray/package.json
verbose loadDefaults typedarray@0.0.6
verbose caching /home/pi/mylaundry/mylaundry/node_modules/esutils/package.json
verbose loadDefaults esutils@2.0.2
verbose caching /home/pi/mylaundry/mylaundry/node_modules/babylon/package.json
verbose loadDefaults babylon@6.18.0
verbose caching /home/pi/mylaundry/mylaundry/node_modules/is-expression/package.json
verbose loadDefaults is-expression@3.0.0
verbose caching /home/pi/mylaundry/mylaundry/node_modules/media-typer/package.json
verbose loadDefaults media-typer@0.3.0
verbose caching /home/pi/mylaundry/mylaundry/node_modules/fast-json-stable-stringify/package.json
verbose loadDefaults fast-json-stable-stringify@2.0.0
verbose caching /home/pi/mylaundry/mylaundry/node_modules/form-data/package.json
verbose loadDefaults form-data@2.3.2
verbose caching /home/pi/mylaundry/mylaundry/node_modules/core-js/package.json
verbose loadDefaults core-js@2.5.6
verbose caching /home/pi/mylaundry/mylaundry/node_modules/mustache/package.json
verbose loadDefaults mustache@2.3.2
verbose caching /home/pi/mylaundry/mylaundry/node_modules/pug-code-gen/package.json
verbose loadDefaults pug-code-gen@2.0.1
verbose caching /home/pi/mylaundry/mylaundry/node_modules/isstream/package.json
verbose loadDefaults isstream@0.1.2
verbose caching /home/pi/mylaundry/mylaundry/node_modules/negotiator/package.json
verbose loadDefaults negotiator@0.6.1
verbose caching /home/pi/mylaundry/mylaundry/node_modules/json-stringify-safe/package.json
verbose loadDefaults json-stringify-safe@5.0.1
verbose caching /home/pi/mylaundry/mylaundry/node_modules/buffer-from/package.json
verbose loadDefaults buffer-from@1.0.0
verbose caching /home/pi/mylaundry/mylaundry/node_modules/babel-runtime/package.json
verbose loadDefaults babel-runtime@6.26.0
verbose caching /home/pi/mylaundry/mylaundry/node_modules/on-finished/package.json
verbose loadDefaults on-finished@2.3.0
verbose caching /home/pi/mylaundry/mylaundry/node_modules/type-is/package.json
verbose loadDefaults type-is@1.6.16
verbose caching /home/pi/mylaundry/mylaundry/node_modules/random-bytes/package.json
verbose loadDefaults random-bytes@1.0.0
verbose caching /home/pi/mylaundry/mylaundry/node_modules/lodash/package.json
verbose loadDefaults lodash@4.17.10
verbose caching /home/pi/mylaundry/mylaundry/node_modules/isarray/package.json
verbose loadDefaults isarray@1.0.0
verbose caching /home/pi/mylaundry/mylaundry/node_modules/kind-of/package.json
verbose loadDefaults kind-of@3.2.2
verbose caching /home/pi/mylaundry/mylaundry/node_modules/tough-cookie/package.json
verbose loadDefaults tough-cookie@2.4.3
verbose caching /home/pi/mylaundry/mylaundry/node_modules/readable-stream/package.json
verbose loadDefaults readable-stream@2.3.6
verbose caching /home/pi/mylaundry/mylaundry/node_modules/reinterval/package.json
verbose loadDefaults reinterval@1.1.0
verbose caching /home/pi/mylaundry/mylaundry/node_modules/help-me/package.json
verbose loadDefaults help-me@1.1.0
verbose caching /home/pi/mylaundry/mylaundry/node_modules/etag/package.json
verbose loadDefaults etag@1.8.1
verbose caching /home/pi/mylaundry/mylaundry/node_modules/refresh-token/package.json
verbose loadDefaults refresh-token@1.0.0
verbose caching /home/pi/mylaundry/mylaundry/node_modules/process/package.json
verbose loadDefaults process@0.11.10
verbose caching /home/pi/mylaundry/mylaundry/node_modules/crypto/package.json
verbose loadDefaults crypto@1.0.1
verbose caching /home/pi/mylaundry/mylaundry/node_modules/combined-stream/package.json
verbose loadDefaults combined-stream@1.0.7
verbose caching /home/pi/mylaundry/mylaundry/node_modules/longest/package.json
verbose loadDefaults longest@1.0.1
verbose caching /home/pi/mylaundry/mylaundry/node_modules/setprototypeof/package.json
verbose loadDefaults setprototypeof@1.1.0
verbose caching /home/pi/mylaundry/mylaundry/node_modules/fs.realpath/package.json
verbose loadDefaults fs.realpath@1.0.0
verbose caching /home/pi/mylaundry/mylaundry/node_modules/glob-stream/package.json
verbose loadDefaults glob-stream@6.1.0
verbose caching /home/pi/mylaundry/mylaundry/node_modules/constantinople/package.json
verbose loadDefaults constantinople@3.1.2
verbose caching /home/pi/mylaundry/mylaundry/node_modules/pug-attrs/package.json
verbose loadDefaults pug-attrs@2.0.3
verbose caching /home/pi/mylaundry/mylaundry/node_modules/ordered-read-streams/package.json
verbose loadDefaults ordered-read-streams@1.0.1
verbose caching /home/pi/mylaundry/mylaundry/node_modules/pumpify/package.json
verbose loadDefaults pumpify@1.4.0
verbose caching /home/pi/mylaundry/mylaundry/node_modules/aws4/package.json
verbose loadDefaults aws4@1.8.0
verbose caching /home/pi/mylaundry/mylaundry/node_modules/center-align/package.json
verbose loadDefaults center-align@0.1.3
verbose caching /home/pi/mylaundry/mylaundry/node_modules/connect/package.json
verbose loadDefaults connect@3.6.6
verbose caching /home/pi/mylaundry/mylaundry/node_modules/vary/package.json
verbose loadDefaults vary@1.1.2
verbose caching /home/pi/mylaundry/mylaundry/node_modules/jstransformer/package.json
verbose loadDefaults jstransformer@1.0.0
verbose caching /home/pi/mylaundry/mylaundry/node_modules/mustache-express/package.json
verbose loadDefaults mustache-express@1.2.7
verbose caching /home/pi/mylaundry/mylaundry/node_modules/safe-buffer/package.json
verbose loadDefaults safe-buffer@5.1.1
verbose caching /home/pi/mylaundry/mylaundry/node_modules/fs/package.json
verbose loadDefaults fs@0.0.1-security
verbose caching /home/pi/mylaundry/mylaundry/node_modules/express-session/package.json
verbose loadDefaults express-session@1.15.6
verbose caching /home/pi/mylaundry/mylaundry/node_modules/camelcase/package.json
verbose loadDefaults camelcase@1.2.1
verbose caching /home/pi/mylaundry/mylaundry/node_modules/xtend/package.json
verbose loadDefaults xtend@4.0.1
verbose caching /home/pi/mylaundry/mylaundry/node_modules/is-extglob/package.json
verbose loadDefaults is-extglob@2.1.1
verbose caching /home/pi/mylaundry/mylaundry/node_modules/utils-merge/package.json
verbose loadDefaults utils-merge@1.0.1
verbose caching /home/pi/mylaundry/mylaundry/node_modules/express/package.json
verbose loadDefaults express@4.16.3
verbose caching /home/pi/mylaundry/mylaundry/node_modules/encodeurl/package.json
verbose loadDefaults encodeurl@1.0.2
verbose caching /home/pi/mylaundry/mylaundry/node_modules/pug-parser/package.json
verbose loadDefaults pug-parser@5.0.0
verbose caching /home/pi/mylaundry/mylaundry/node_modules/content-disposition/package.json
verbose loadDefaults content-disposition@0.5.2
verbose caching /home/pi/mylaundry/mylaundry/node_modules/http-errors/package.json
verbose loadDefaults http-errors@1.6.3
verbose caching /home/pi/mylaundry/mylaundry/node_modules/onoff/package.json
verbose loadDefaults onoff@3.0.2
verbose caching /home/pi/mylaundry/mylaundry/node_modules/callback-stream/package.json
verbose loadDefaults callback-stream@1.1.0
verbose caching /home/pi/mylaundry/mylaundry/node_modules/wordwrap/package.json
verbose loadDefaults wordwrap@0.0.2
verbose caching /home/pi/mylaundry/mylaundry/node_modules/decamelize/package.json
verbose loadDefaults decamelize@1.2.0
verbose caching /home/pi/mylaundry/mylaundry/node_modules/jsbn/package.json
verbose loadDefaults jsbn@0.1.1
verbose caching /home/pi/mylaundry/mylaundry/node_modules/mime/package.json
verbose loadDefaults mime@1.4.1
verbose caching /home/pi/mylaundry/mylaundry/node_modules/tweetnacl/package.json
verbose loadDefaults tweetnacl@0.14.5
verbose caching /home/pi/mylaundry/mylaundry/node_modules/promise/package.json
verbose loadDefaults promise@7.3.1
verbose caching /home/pi/mylaundry/mylaundry/node_modules/asn1/package.json
verbose loadDefaults asn1@0.2.4
verbose caching /home/pi/mylaundry/mylaundry/node_modules/escape-html/package.json
verbose loadDefaults escape-html@1.0.3
verbose caching /home/pi/mylaundry/mylaundry/node_modules/commist/package.json
verbose loadDefaults commist@1.0.0
verbose caching /home/pi/mylaundry/mylaundry/node_modules/core-util-is/package.json
verbose loadDefaults core-util-is@1.0.2
verbose caching /home/pi/mylaundry/mylaundry/node_modules/tunnel-agent/package.json
verbose loadDefaults tunnel-agent@0.6.0
verbose caching /home/pi/mylaundry/mylaundry/node_modules/async/package.json
verbose loadDefaults async@1.5.2
verbose caching /home/pi/mylaundry/mylaundry/node_modules/range-parser/package.json
verbose loadDefaults range-parser@1.2.0
verbose caching /home/pi/mylaundry/mylaundry/node_modules/regenerator-runtime/package.json
verbose loadDefaults regenerator-runtime@0.11.1
verbose caching /home/pi/mylaundry/mylaundry/node_modules/minimist/package.json
verbose loadDefaults minimist@1.2.0
verbose caching /home/pi/mylaundry/mylaundry/node_modules/mime-types/package.json
verbose loadDefaults mime-types@2.1.18
verbose caching /home/pi/mylaundry/mylaundry/node_modules/pseudomap/package.json
verbose loadDefaults pseudomap@1.0.2
verbose caching /home/pi/mylaundry/mylaundry/node_modules/extsprintf/package.json
verbose loadDefaults extsprintf@1.3.0
verbose caching /home/pi/mylaundry/mylaundry/node_modules/pug-walk/package.json
verbose loadDefaults pug-walk@1.1.7
verbose caching /home/pi/mylaundry/mylaundry/node_modules/assert-plus/package.json
verbose loadDefaults assert-plus@1.0.0
verbose caching /home/pi/mylaundry/mylaundry/node_modules/uuid/package.json
verbose loadDefaults uuid@3.3.2
verbose caching /home/pi/mylaundry/mylaundry/node_modules/acorn/package.json
verbose loadDefaults acorn@3.3.0
verbose caching /home/pi/mylaundry/mylaundry/node_modules/math/package.json
verbose loadDefaults math@0.0.3
verbose from cache /home/pi/mylaundry/mylaundry/package.json
verbose readDependencies: using package.json deps
verbose cache add [ 'body-parser@^1.18.3', null ]
silly cache add: name, spec, args [ undefined,
silly cache add: name, spec, args   'body-parser@^1.18.3',
silly cache add: name, spec, args   [ 'body-parser@^1.18.3', null ] ]
verbose parsed url { pathname: 'body-parser@^1.18.3',
verbose parsed url   path: 'body-parser@^1.18.3',
verbose parsed url   href: 'body-parser@^1.18.3' }
silly cache add: name, spec, args [ 'body-parser', '^1.18.3', [ 'body-parser', '^1.18.3' ] ]
verbose parsed url { pathname: '^1.18.3', path: '^1.18.3', href: '^1.18.3' }
verbose addNamed [ 'body-parser', '^1.18.3' ]
verbose addNamed [ null, null ]
info addNameTag [ 'body-parser', '^1.18.3' ]
verbose raw, before any munging body-parser
verbose url resolving [ 'https://registry.npmjs.org/', './body-parser' ]
verbose url resolved https://registry.npmjs.org/body-parser
http GET https://registry.npmjs.org/body-parser
ERR! Error: failed to fetch from registry: body-parser
ERR!     at /usr/share/npm/lib/utils/npm-registry-client/get.js:139:12
ERR!     at cb (/usr/share/npm/lib/utils/npm-registry-client/request.js:31:9)
ERR!     at Request._callback (/usr/share/npm/lib/utils/npm-registry-client/request.js:136:18)
ERR!     at Request.callback (/usr/lib/nodejs/request/main.js:119:22)
ERR!     at Request.<anonymous> (/usr/lib/nodejs/request/main.js:212:58)
ERR!     at Request.emit (events.js:88:20)
ERR!     at ClientRequest.<anonymous> (/usr/lib/nodejs/request/main.js:412:12)
ERR!     at ClientRequest.g (events.js:156:14)
ERR!     at ClientRequest.emit (events.js:67:17)
ERR!     at HTTPParser.parserOnIncomingClient [as onIncoming] (http.js:1256:7)
ERR! You may report this log at:
ERR!     <http://bugs.debian.org/npm>
ERR! or use
ERR!     reportbug --attach /home/pi/mylaundry/mylaundry/npm-debug.log npm
ERR! 
ERR! System Linux 4.1.19+
ERR! command "/usr/bin/nodejs" "/usr/bin/npm" "install" "body-parser" "--save"
ERR! cwd /home/pi/mylaundry/mylaundry
ERR! node -v v0.6.19
ERR! npm -v 1.1.4
ERR! message failed to fetch from registry: body-parser
verbose exit [ 1, true ]
